<?xml version="1.0" encoding="UTF-8"?>
<!-- Generated by org.testng.reporters.JUnitReportReporter -->
<testsuite skipped="0" hostname="WIN-NFDCINOH1RK" name="TestDay2.NewTestDay2" tests="1" failures="0" timestamp="2022-08-10T05:21:46 UTC" time="4.135" errors="0">
  <testcase name="f" time="4.135" classname="TestDay2.NewTestDay2"/>
</testsuite> <!-- TestDay2.NewTestDay2 -->
