<?xml version="1.0" encoding="UTF-8"?>
<!-- Generated by org.testng.reporters.JUnitReportReporter -->
<testsuite skipped="0" hostname="WIN-NFDCINOH1RK" name="TestDay3.NewLoginPageModel" tests="1" failures="0" timestamp="2022-08-12T05:33:49 UTC" time="1.433" errors="0">
  <testcase name="f" time="1.433" classname="TestDay3.NewLoginPageModel"/>
</testsuite> <!-- TestDay3.NewLoginPageModel -->
